<?xml version="1.0" encoding="UTF-8"?>
<testsuite xmlns:xsi="http://www.w3.org/2001/XMLSchema-instance" xsi:noNamespaceSchemaLocation="https://maven.apache.org/surefire/maven-surefire-plugin/xsd/surefire-test-report.xsd" version="3.0.2" name="org.redsf.product.boot.ApplicationTests" time="3.943" tests="1" errors="0" skipped="0" failures="0">
  <properties>
[...]
</properties>
  <testcase name="contextLoads" classname="org.redsf.product.boot.ApplicationTests" time="1.049">
    <system-out><![CDATA[08:54:34.045 [main] INFO org.springframework.test.context.support.AnnotationConfigContextLoaderUtils -- Could not detect default configuration classes for test class [org.redsf.product.boot.ApplicationTests]: ApplicationTests does not declare any static, non-private, non-final, nested classes annotated with @Configuration.
08:54:34.213 [main] INFO org.springframework.boot.test.context.SpringBootTestContextBootstrapper -- Found @SpringBootConfiguration org.redsf.product.boot.Application for test class org.redsf.product.boot.ApplicationTests
08:54:34.413 [main] INFO org.springframework.boot.devtools.restart.RestartApplicationListener -- Restart disabled due to context in which it is running

  .   ____          _            __ _ _
 /\\ / ___'_ __ _ _(_)_ __  __ _ \ \ \ \
( ( )\___ | '_ | '_| | '_ \/ _` | \ \ \ \
 \\/  ___)| |_)| | | | | || (_| |  ) ) ) )
  '  |____| .__|_| |_|_| |_\__, | / / / /
 =========|_|==============|___/=/_/_/_/

 :: Spring Boot ::                (v3.4.0)

2024-12-09T08:54:34.878+01:00  INFO 24794 --- [boot] [           main] o.redsf.product.boot.ApplicationTests    : Starting ApplicationTests using Java 17.0.12 with PID 24794 (started by crojasfe in /Users/crojasfe/proy/work/fwk/libs/product-main/boot)
2024-12-09T08:54:34.880+01:00  INFO 24794 --- [boot] [           main] o.redsf.product.boot.ApplicationTests    : No active profile set, falling back to 1 default profile: "default"
2024-12-09T08:54:36.659+01:00  INFO 24794 --- [boot] [           main] o.redsf.product.boot.ApplicationTests    : Started ApplicationTests in 2.258 seconds (process running for 3.724)
]]></system-out>
  </testcase>
</testsuite>